<?xml version="1.0" encoding="UTF-8"?>
<testng-results ignored="3" total="4" passed="1" failed="0" skipped="0">
  <reporter-output>
  </reporter-output>
  <suite started-at="2022-08-25T11:00:15 ICT" name="Default suite" finished-at="2022-08-25T11:00:18 ICT" duration-ms="3066">
    <groups>
    </groups>
    <test started-at="2022-08-25T11:00:15 ICT" name="Default test" finished-at="2022-08-25T11:00:18 ICT" duration-ms="3066">
      <class name="com.juaracoding.restassured.TestCRUD">
        <test-method signature="testPatch()[pri:0, instance:com.juaracoding.restassured.TestCRUD@34f7cfd9]" started-at="2022-08-25T11:00:15 ICT" name="testPatch" finished-at="2022-08-25T11:00:18 ICT" duration-ms="3035" status="PASS">
          <reporter-output>
          </reporter-output>
        </test-method> <!-- testPatch -->
      </class> <!-- com.juaracoding.restassured.TestCRUD -->
    </test> <!-- Default test -->
  </suite> <!-- Default suite -->
</testng-results>
