<?xml version="1.0" encoding="UTF-8"?>
<!-- Generated by org.testng.reporters.JUnitXMLReporter -->
<testsuite ignored="0" hostname="DESKTOP-VV8P387" failures="0" tests="3" name="AllTest" time="6.358" errors="0" timestamp="2022-08-24T14:32:26 ICT">
  <testcase classname="com.juaracoding.restassured.TestCRUD" name="testPost" time="2.811"/>
  <testcase classname="com.juaracoding.restassured.TestGet" name="testId" time="1.96"/>
  <testcase classname="com.juaracoding.restassured.TestGet" name="testStatusCode" time="1.556"/>
</testsuite> <!-- AllTest -->
