<?xml version="1.0" encoding="UTF-8"?>
<!-- Generated by org.testng.reporters.JUnitXMLReporter -->
<testsuite ignored="3" hostname="DESKTOP-VV8P387" failures="0" tests="1" name="Default test" time="3.066" errors="0" timestamp="2022-08-25T11:00:18 ICT">
  <testcase classname="com.juaracoding.restassured.TestCRUD" name="testPatch" time="3.035"/>
  <testcase classname="com.juaracoding.restassured.TestCRUD" name="testPut" time="0.0">
    <ignored/>
  </testcase> <!-- testPut -->
  <testcase classname="com.juaracoding.restassured.TestCRUD" name="testPost" time="0.0">
    <ignored/>
  </testcase> <!-- testPost -->
  <testcase classname="com.juaracoding.restassured.TestCRUD" name="testDelete" time="0.0">
    <ignored/>
  </testcase> <!-- testDelete -->
</testsuite> <!-- Default test -->
